TN:
SF:/home/jakelheknight/Core/fs-globals/fs-globals.js
FN:6,(anonymous_1)
FN:11,(anonymous_2)
FN:20,(anonymous_3)
FN:88,(anonymous_4)
FN:100,(anonymous_5)
FN:112,(anonymous_6)
FN:130,(anonymous_7)
FN:138,registerElement
FN:139,(anonymous_9)
FN:147,(anonymous_10)
FN:153,(anonymous_11)
FN:172,(anonymous_12)
FN:181,(anonymous_13)
FN:208,(anonymous_14)
FN:242,(anonymous_15)
FN:269,(anonymous_16)
FN:282,convertToJsonOrReturnOriginalRes
FN:286,(anonymous_18)
FN:292,isHeadersObject
FN:301,correctInputHeaders
FN:305,(anonymous_21)
FN:312,createHeadersWithDefaults
FN:314,(anonymous_23)
FN:332,(anonymous_24)
FN:335,(anonymous_25)
FN:338,(anonymous_26)
FN:366,(anonymous_27)
FN:392,(anonymous_28)
FN:397,(anonymous_29)
FN:414,(anonymous_30)
FN:458,(anonymous_31)
FN:462,(anonymous_32)
FN:463,(anonymous_33)
FN:467,(anonymous_34)
FN:471,(anonymous_35)
FN:477,(anonymous_36)
FN:481,(anonymous_37)
FN:491,hashCode
FN:499,makeKey
FN:509,makeSimpleKey
FN:513,makeUserKey
FN:517,makeRealUserKey
FN:521,moveToUserData
FN:531,addToStorage
FN:550,getFromStorage
FN:569,removeFromStorage
FN:597,(anonymous_47)
FN:626,deserializeExperiments
FN:636,(anonymous_49)
FN:643,(anonymous_50)
FN:651,(anonymous_51)
FN:677,serializeExperiments
FN:682,serialize
FN:712,getExperimentsFromCookie
FN:738,setExperimentsCookie
FN:747,clearExperimentsCookie
FN:752,setAlphabeticalSort
FN:758,unsetAlphabeticalSort
FN:764,getClassNames
FN:786,addLines
FN:788,makeLine
FN:811,(anonymous_62)
FN:832,(anonymous_63)
FN:839,(anonymous_64)
FN:867,(anonymous_65)
FN:871,(anonymous_66)
FN:887,(anonymous_67)
FN:927,(anonymous_68)
FN:938,(anonymous_69)
FN:950,(anonymous_70)
FN:967,(anonymous_71)
FN:978,(anonymous_72)
FN:990,(anonymous_73)
FN:1009,(anonymous_74)
FN:1013,(anonymous_75)
FN:1029,(anonymous_76)
FN:1071,(anonymous_77)
FN:1092,createExperimentGroup
FN:1105,(anonymous_79)
FN:1114,(anonymous_80)
FN:1159,toggleLists
FN:1175,(anonymous_82)
FNF:82
FNH:28
FNDA:1,(anonymous_1)
FNDA:2,(anonymous_2)
FNDA:14,(anonymous_3)
FNDA:2,(anonymous_4)
FNDA:6,(anonymous_5)
FNDA:2,(anonymous_6)
FNDA:0,(anonymous_7)
FNDA:0,registerElement
FNDA:0,(anonymous_9)
FNDA:0,(anonymous_10)
FNDA:1,(anonymous_11)
FNDA:0,(anonymous_12)
FNDA:0,(anonymous_13)
FNDA:0,(anonymous_14)
FNDA:13,(anonymous_15)
FNDA:13,(anonymous_16)
FNDA:11,convertToJsonOrReturnOriginalRes
FNDA:2,(anonymous_18)
FNDA:4,isHeadersObject
FNDA:13,correctInputHeaders
FNDA:3,(anonymous_21)
FNDA:13,createHeadersWithDefaults
FNDA:52,(anonymous_23)
FNDA:2,(anonymous_24)
FNDA:2,(anonymous_25)
FNDA:4,(anonymous_26)
FNDA:0,(anonymous_27)
FNDA:0,(anonymous_28)
FNDA:2,(anonymous_29)
FNDA:1,(anonymous_30)
FNDA:2,(anonymous_31)
FNDA:6,(anonymous_32)
FNDA:0,(anonymous_33)
FNDA:0,(anonymous_34)
FNDA:0,(anonymous_35)
FNDA:0,(anonymous_36)
FNDA:0,(anonymous_37)
FNDA:0,hashCode
FNDA:0,makeKey
FNDA:0,makeSimpleKey
FNDA:0,makeUserKey
FNDA:0,makeRealUserKey
FNDA:0,moveToUserData
FNDA:0,addToStorage
FNDA:0,getFromStorage
FNDA:0,removeFromStorage
FNDA:1,(anonymous_47)
FNDA:0,deserializeExperiments
FNDA:0,(anonymous_49)
FNDA:0,(anonymous_50)
FNDA:0,(anonymous_51)
FNDA:0,serializeExperiments
FNDA:0,serialize
FNDA:1,getExperimentsFromCookie
FNDA:0,setExperimentsCookie
FNDA:0,clearExperimentsCookie
FNDA:0,setAlphabeticalSort
FNDA:0,unsetAlphabeticalSort
FNDA:2,getClassNames
FNDA:0,addLines
FNDA:0,makeLine
FNDA:0,(anonymous_62)
FNDA:0,(anonymous_63)
FNDA:1,(anonymous_64)
FNDA:0,(anonymous_65)
FNDA:0,(anonymous_66)
FNDA:0,(anonymous_67)
FNDA:0,(anonymous_68)
FNDA:0,(anonymous_69)
FNDA:0,(anonymous_70)
FNDA:0,(anonymous_71)
FNDA:0,(anonymous_72)
FNDA:0,(anonymous_73)
FNDA:0,(anonymous_74)
FNDA:0,(anonymous_75)
FNDA:0,(anonymous_76)
FNDA:0,(anonymous_77)
FNDA:0,createExperimentGroup
FNDA:0,(anonymous_79)
FNDA:0,(anonymous_80)
FNDA:0,toggleLists
FNDA:1,(anonymous_82)
DA:6,1
DA:11,1
DA:12,2
DA:20,1
DA:21,14
DA:23,13
DA:26,13
DA:27,1
DA:32,12
DA:33,1
DA:34,1
DA:40,11
DA:41,11
DA:44,10
DA:45,10
DA:46,10
DA:49,11
DA:51,11
DA:52,17
DA:55,17
DA:56,9
DA:59,17
DA:60,16
DA:62,16
DA:65,19
DA:66,6
DA:69,13
DA:73,16
DA:74,10
DA:80,1
DA:88,1
DA:89,2
DA:91,1
DA:100,1
DA:101,6
DA:112,1
DA:113,2
DA:115,1
DA:116,1
DA:124,1
DA:126,1
DA:127,1
DA:128,1
DA:130,1
DA:131,0
DA:132,0
DA:133,0
DA:135,0
DA:138,1
DA:139,0
DA:140,0
DA:141,0
DA:142,0
DA:144,0
DA:145,0
DA:146,0
DA:148,0
DA:153,1
DA:154,1
DA:155,1
DA:164,1
DA:173,0
DA:180,1
DA:181,0
DA:183,0
DA:184,0
DA:187,0
DA:189,0
DA:190,0
DA:192,0
DA:193,0
DA:195,0
DA:196,0
DA:201,0
DA:207,1
DA:208,0
DA:210,0
DA:211,0
DA:214,0
DA:215,0
DA:217,0
DA:242,1
DA:243,13
DA:244,13
DA:245,0
DA:247,13
DA:250,13
DA:251,9
DA:253,13
DA:254,4
DA:256,13
DA:257,13
DA:259,13
DA:260,13
DA:262,13
DA:263,13
DA:264,13
DA:265,13
DA:267,13
DA:268,13
DA:269,13
DA:270,13
DA:271,3
DA:273,10
DA:274,1
DA:275,1
DA:276,1
DA:278,9
DA:279,9
DA:282,1
DA:284,11
DA:285,11
DA:287,2
DA:292,1
DA:293,4
DA:301,1
DA:302,13
DA:303,13
DA:304,3
DA:305,3
DA:306,3
DA:309,13
DA:312,1
DA:313,13
DA:314,13
DA:315,52
DA:318,49
DA:319,38
DA:324,13
DA:332,1
DA:333,2
DA:335,2
DA:336,2
DA:338,2
DA:339,4
DA:340,4
DA:343,4
DA:344,8
DA:345,8
DA:348,4
DA:349,4
DA:354,1
DA:367,0
DA:368,0
DA:369,0
DA:370,0
DA:371,0
DA:372,0
DA:373,0
DA:375,0
DA:376,0
DA:378,0
DA:379,0
DA:380,0
DA:382,0
DA:383,0
DA:385,0
DA:388,0
DA:393,0
DA:398,2
DA:399,2
DA:400,2
DA:401,2
DA:402,2
DA:405,0
DA:406,0
DA:407,0
DA:408,0
DA:409,0
DA:414,1
DA:416,1
DA:417,1
DA:419,1
DA:423,1
DA:424,0
DA:427,1
DA:446,1
DA:455,1
DA:456,2
DA:458,2
DA:459,2
DA:460,6
DA:462,6
DA:463,6
DA:464,0
DA:467,6
DA:468,0
DA:471,6
DA:472,0
DA:477,2
DA:478,0
DA:481,2
DA:482,0
DA:483,0
DA:491,1
DA:492,0
DA:493,0
DA:494,0
DA:496,0
DA:499,1
DA:500,0
DA:501,0
DA:502,0
DA:503,0
DA:504,0
DA:506,0
DA:509,1
DA:510,0
DA:513,1
DA:514,0
DA:517,1
DA:518,0
DA:521,1
DA:522,0
DA:523,0
DA:524,0
DA:525,0
DA:526,0
DA:527,0
DA:531,1
DA:532,0
DA:534,0
DA:535,0
DA:537,0
DA:538,0
DA:541,0
DA:542,0
DA:545,0
DA:547,0
DA:550,1
DA:551,0
DA:553,0
DA:554,0
DA:556,0
DA:558,0
DA:559,0
DA:562,0
DA:563,0
DA:566,0
DA:569,1
DA:570,0
DA:573,0
DA:574,0
DA:578,0
DA:579,0
DA:580,0
DA:581,0
DA:586,0
DA:591,1
DA:597,1
DA:599,1
DA:601,1
DA:618,1
DA:621,1
DA:623,1
DA:626,1
DA:627,0
DA:629,0
DA:631,0
DA:636,0
DA:637,0
DA:638,0
DA:643,0
DA:644,0
DA:647,0
DA:651,0
DA:652,0
DA:653,0
DA:654,0
DA:656,0
DA:658,0
DA:659,0
DA:660,0
DA:663,0
DA:664,0
DA:665,0
DA:666,0
DA:667,0
DA:668,0
DA:670,0
DA:674,0
DA:677,1
DA:678,0
DA:682,1
DA:684,0
DA:686,0
DA:690,0
DA:691,0
DA:693,0
DA:694,0
DA:696,0
DA:697,0
DA:698,0
DA:701,0
DA:702,0
DA:703,0
DA:706,0
DA:709,0
DA:712,1
DA:713,1
DA:718,1
DA:719,1
DA:722,0
DA:723,0
DA:726,0
DA:727,0
DA:729,0
DA:732,0
DA:733,0
DA:735,0
DA:738,1
DA:739,0
DA:743,0
DA:744,0
DA:747,1
DA:748,0
DA:749,0
DA:752,1
DA:753,0
DA:754,0
DA:755,0
DA:758,1
DA:759,0
DA:760,0
DA:761,0
DA:764,1
DA:765,2
DA:766,2
DA:767,2
DA:768,0
DA:769,0
DA:771,0
DA:772,0
DA:774,0
DA:775,0
DA:776,0
DA:777,0
DA:783,2
DA:786,1
DA:788,1
DA:789,0
DA:790,0
DA:791,0
DA:792,0
DA:793,0
DA:794,0
DA:795,0
DA:796,0
DA:797,0
DA:800,0
DA:802,0
DA:803,0
DA:804,0
DA:806,0
DA:809,0
DA:811,0
DA:812,0
DA:813,0
DA:815,0
DA:816,0
DA:818,0
DA:819,0
DA:820,0
DA:827,0
DA:828,0
DA:829,0
DA:832,0
DA:833,0
DA:839,1
DA:840,1
DA:842,1
DA:843,1
DA:844,1
DA:846,1
DA:847,1
DA:848,1
DA:851,1
DA:852,1
DA:854,1
DA:857,1
DA:858,1
DA:859,1
DA:861,1
DA:865,1
DA:868,0
DA:872,0
DA:874,0
DA:875,0
DA:876,0
DA:879,0
DA:880,0
DA:881,0
DA:884,0
DA:888,0
DA:889,0
DA:890,0
DA:895,0
DA:896,0
DA:897,0
DA:899,0
DA:902,0
DA:907,0
DA:908,0
DA:909,0
DA:910,0
DA:917,0
DA:918,0
DA:919,0
DA:920,0
DA:924,0
DA:928,0
DA:929,0
DA:930,0
DA:934,0
DA:935,0
DA:936,0
DA:937,0
DA:938,0
DA:939,0
DA:942,0
DA:946,0
DA:947,0
DA:948,0
DA:949,0
DA:950,0
DA:951,0
DA:952,0
DA:955,0
DA:959,0
DA:961,0
DA:962,0
DA:963,0
DA:964,0
DA:965,0
DA:966,0
DA:967,0
DA:968,0
DA:971,0
DA:974,0
DA:975,0
DA:976,0
DA:977,0
DA:978,0
DA:979,0
DA:982,0
DA:987,0
DA:988,0
DA:989,0
DA:990,0
DA:991,0
DA:992,0
DA:993,0
DA:995,0
DA:996,0
DA:1000,0
DA:1004,0
DA:1005,0
DA:1006,0
DA:1007,0
DA:1009,0
DA:1010,0
DA:1011,0
DA:1013,0
DA:1014,0
DA:1015,0
DA:1020,0
DA:1021,0
DA:1023,0
DA:1024,0
DA:1029,0
DA:1030,0
DA:1034,0
DA:1038,0
DA:1039,0
DA:1041,0
DA:1042,0
DA:1045,0
DA:1046,0
DA:1050,0
DA:1053,0
DA:1055,0
DA:1061,0
DA:1062,0
DA:1064,0
DA:1065,0
DA:1066,0
DA:1071,0
DA:1072,0
DA:1073,0
DA:1075,0
DA:1076,0
DA:1077,0
DA:1078,0
DA:1080,0
DA:1081,0
DA:1082,0
DA:1086,0
DA:1087,0
DA:1089,0
DA:1092,1
DA:1093,0
DA:1094,0
DA:1095,0
DA:1097,0
DA:1100,0
DA:1101,0
DA:1102,0
DA:1103,0
DA:1105,0
DA:1106,0
DA:1109,0
DA:1115,0
DA:1116,0
DA:1117,0
DA:1120,0
DA:1121,0
DA:1124,0
DA:1130,0
DA:1131,0
DA:1132,0
DA:1134,0
DA:1136,0
DA:1139,0
DA:1140,0
DA:1143,0
DA:1144,0
DA:1146,0
DA:1147,0
DA:1149,0
DA:1154,1
DA:1159,1
DA:1160,0
DA:1161,0
DA:1162,0
DA:1163,0
DA:1164,0
DA:1165,0
DA:1167,0
DA:1168,0
DA:1169,0
DA:1170,0
DA:1175,1
DA:1176,1
DA:1179,1
DA:1182,1
DA:1183,0
LF:546
LH:191
BRDA:11,1,0,1
BRDA:11,1,1,1
BRDA:12,2,0,2
BRDA:12,2,1,2
BRDA:20,3,0,1
BRDA:20,3,1,1
BRDA:21,4,0,1
BRDA:21,4,1,13
BRDA:23,5,0,13
BRDA:23,5,1,0
BRDA:26,6,0,1
BRDA:26,6,1,12
BRDA:32,7,0,1
BRDA:32,7,1,11
BRDA:41,8,0,10
BRDA:41,8,1,1
BRDA:44,9,0,10
BRDA:44,9,1,0
BRDA:55,10,0,26
BRDA:55,10,1,10
BRDA:59,11,0,16
BRDA:59,11,1,1
BRDA:65,12,0,6
BRDA:65,12,1,13
BRDA:73,13,0,10
BRDA:73,13,1,6
BRDA:88,14,0,1
BRDA:88,14,1,1
BRDA:89,15,0,1
BRDA:89,15,1,1
BRDA:112,16,0,1
BRDA:112,16,1,1
BRDA:113,17,0,1
BRDA:113,17,1,1
BRDA:124,18,0,1
BRDA:124,18,1,1
BRDA:126,19,0,1
BRDA:126,19,1,0
BRDA:131,20,0,0
BRDA:131,20,1,0
BRDA:140,21,0,0
BRDA:140,21,1,0
BRDA:164,22,0,1
BRDA:164,22,1,1
BRDA:180,23,0,0
BRDA:180,23,1,1
BRDA:183,24,0,0
BRDA:183,24,1,0
BRDA:192,25,0,0
BRDA:192,25,1,0
BRDA:195,26,0,0
BRDA:195,26,1,0
BRDA:207,27,0,0
BRDA:207,27,1,1
BRDA:210,28,0,0
BRDA:210,28,1,0
BRDA:214,29,0,0
BRDA:214,29,1,0
BRDA:242,30,0,1
BRDA:242,30,1,1
BRDA:243,31,0,13
BRDA:243,31,1,0
BRDA:244,32,0,0
BRDA:244,32,1,13
BRDA:245,33,0,0
BRDA:245,33,1,0
BRDA:250,34,0,9
BRDA:250,34,1,4
BRDA:253,35,0,4
BRDA:253,35,1,9
BRDA:256,36,0,13
BRDA:256,36,1,13
BRDA:256,36,2,13
BRDA:257,37,0,0
BRDA:257,37,1,13
BRDA:259,38,0,13
BRDA:259,38,1,13
BRDA:260,39,0,13
BRDA:260,39,1,13
BRDA:262,40,0,13
BRDA:262,40,1,13
BRDA:270,41,0,3
BRDA:270,41,1,10
BRDA:271,42,0,3
BRDA:271,42,1,0
BRDA:273,43,0,1
BRDA:273,43,1,9
BRDA:273,44,0,10
BRDA:273,44,1,2
BRDA:278,45,0,8
BRDA:278,45,1,1
BRDA:279,46,0,0
BRDA:279,46,1,9
BRDA:293,47,0,4
BRDA:293,47,1,1
BRDA:293,47,2,1
BRDA:303,48,0,3
BRDA:303,48,1,10
BRDA:303,49,0,13
BRDA:303,49,1,4
BRDA:309,50,0,13
BRDA:309,50,1,9
BRDA:315,51,0,49
BRDA:315,51,1,3
BRDA:318,52,0,38
BRDA:318,52,1,11
BRDA:318,53,0,49
BRDA:318,53,1,11
BRDA:318,53,2,11
BRDA:333,54,0,2
BRDA:333,54,1,1
BRDA:336,55,0,2
BRDA:336,55,1,1
BRDA:344,56,0,8
BRDA:344,56,1,2
BRDA:349,57,0,4
BRDA:349,57,1,3
BRDA:354,58,0,1
BRDA:354,58,1,1
BRDA:367,59,0,0
BRDA:367,59,1,0
BRDA:368,60,0,0
BRDA:368,60,1,0
BRDA:369,61,0,0
BRDA:369,61,1,0
BRDA:372,62,0,0
BRDA:372,62,1,0
BRDA:375,63,0,0
BRDA:375,63,1,0
BRDA:378,64,0,0
BRDA:378,64,1,0
BRDA:379,65,0,0
BRDA:379,65,1,0
BRDA:382,66,0,0
BRDA:382,66,1,0
BRDA:399,67,0,2
BRDA:399,67,1,0
BRDA:401,68,0,2
BRDA:401,68,1,0
BRDA:407,69,0,0
BRDA:407,69,1,0
BRDA:482,70,0,0
BRDA:482,70,1,0
BRDA:500,71,0,0
BRDA:500,71,1,0
BRDA:501,72,0,0
BRDA:501,72,1,0
BRDA:503,73,0,0
BRDA:503,73,1,0
BRDA:523,74,0,0
BRDA:523,74,1,0
BRDA:525,75,0,0
BRDA:525,75,1,0
BRDA:532,76,0,0
BRDA:532,76,1,0
BRDA:535,77,0,0
BRDA:535,77,1,0
BRDA:537,78,0,0
BRDA:537,78,1,0
BRDA:541,79,0,0
BRDA:541,79,1,0
BRDA:541,80,0,0
BRDA:541,80,1,0
BRDA:551,81,0,0
BRDA:551,81,1,0
BRDA:554,82,0,0
BRDA:554,82,1,0
BRDA:556,83,0,0
BRDA:556,83,1,0
BRDA:558,84,0,0
BRDA:558,84,1,0
BRDA:558,85,0,0
BRDA:558,85,1,0
BRDA:562,86,0,0
BRDA:562,86,1,0
BRDA:562,87,0,0
BRDA:562,87,1,0
BRDA:570,88,0,0
BRDA:570,88,1,0
BRDA:573,89,0,0
BRDA:573,89,1,0
BRDA:580,90,0,0
BRDA:580,90,1,0
BRDA:580,91,0,0
BRDA:580,91,1,0
BRDA:592,92,0,1
BRDA:592,92,1,1
BRDA:599,93,0,0
BRDA:599,93,1,1
BRDA:599,94,0,1
BRDA:599,94,1,1
BRDA:599,94,2,0
BRDA:599,94,3,0
BRDA:599,94,4,0
BRDA:599,94,5,0
BRDA:599,94,6,0
BRDA:606,95,0,1
BRDA:606,95,1,1
BRDA:619,96,0,1
BRDA:619,96,1,0
BRDA:627,97,0,0
BRDA:627,97,1,0
BRDA:627,98,0,0
BRDA:627,98,1,0
BRDA:629,99,0,0
BRDA:629,99,1,0
BRDA:637,100,0,0
BRDA:637,100,1,0
BRDA:658,101,0,0
BRDA:658,101,1,0
BRDA:658,102,0,0
BRDA:658,102,1,0
BRDA:665,103,0,0
BRDA:665,103,1,0
BRDA:679,104,0,0
BRDA:679,104,1,0
BRDA:684,105,0,0
BRDA:684,105,1,0
BRDA:686,106,0,0
BRDA:686,106,1,0
BRDA:687,107,0,0
BRDA:687,107,1,0
BRDA:694,108,0,0
BRDA:694,108,1,0
BRDA:701,109,0,0
BRDA:701,109,1,0
BRDA:713,110,0,1
BRDA:713,110,1,1
BRDA:714,111,0,1
BRDA:714,111,1,1
BRDA:718,112,0,1
BRDA:718,112,1,0
BRDA:718,113,0,1
BRDA:718,113,1,1
BRDA:722,114,0,0
BRDA:722,114,1,0
BRDA:722,115,0,0
BRDA:722,115,1,0
BRDA:732,116,0,0
BRDA:732,116,1,0
BRDA:732,116,2,0
BRDA:733,117,0,0
BRDA:733,117,1,0
BRDA:766,118,0,2
BRDA:766,118,1,0
BRDA:768,119,0,0
BRDA:768,119,1,0
BRDA:771,120,0,0
BRDA:771,120,1,0
BRDA:771,121,0,0
BRDA:771,121,1,0
BRDA:775,122,0,0
BRDA:775,122,1,0
BRDA:796,123,0,0
BRDA:796,123,1,0
BRDA:812,124,0,0
BRDA:812,124,1,0
BRDA:815,125,0,0
BRDA:815,125,1,0
BRDA:815,126,0,0
BRDA:815,126,1,0
BRDA:816,127,0,0
BRDA:816,127,1,0
BRDA:819,128,0,0
BRDA:819,128,1,0
BRDA:820,129,0,0
BRDA:820,129,1,0
BRDA:827,130,0,0
BRDA:827,130,1,0
BRDA:832,131,0,0
BRDA:832,131,1,0
BRDA:843,132,0,1
BRDA:843,132,1,1
BRDA:844,133,0,1
BRDA:844,133,1,1
BRDA:846,134,0,1
BRDA:846,134,1,0
BRDA:847,135,0,1
BRDA:847,135,1,0
BRDA:865,136,0,1
BRDA:865,136,1,0
BRDA:875,137,0,0
BRDA:875,137,1,0
BRDA:880,138,0,0
BRDA:880,138,1,0
BRDA:889,139,0,0
BRDA:889,139,1,0
BRDA:891,140,0,0
BRDA:891,140,1,0
BRDA:892,141,0,0
BRDA:892,141,1,0
BRDA:895,142,0,0
BRDA:895,142,1,0
BRDA:896,143,0,0
BRDA:896,143,1,0
BRDA:897,144,0,0
BRDA:897,144,1,0
BRDA:899,145,0,0
BRDA:899,145,1,0
BRDA:907,146,0,0
BRDA:907,146,1,0
BRDA:909,147,0,0
BRDA:909,147,1,0
BRDA:909,148,0,0
BRDA:909,148,1,0
BRDA:917,149,0,0
BRDA:917,149,1,0
BRDA:917,150,0,0
BRDA:917,150,1,0
BRDA:919,151,0,0
BRDA:919,151,1,0
BRDA:919,152,0,0
BRDA:919,152,1,0
BRDA:961,153,0,0
BRDA:961,153,1,0
BRDA:991,154,0,0
BRDA:991,154,1,0
BRDA:1014,155,0,0
BRDA:1014,155,1,0
BRDA:1020,156,0,0
BRDA:1020,156,1,0
BRDA:1041,157,0,0
BRDA:1041,157,1,0
BRDA:1045,158,0,0
BRDA:1045,158,1,0
BRDA:1061,159,0,0
BRDA:1061,159,1,0
BRDA:1064,160,0,0
BRDA:1064,160,1,0
BRDA:1075,161,0,0
BRDA:1075,161,1,0
BRDA:1086,162,0,0
BRDA:1086,162,1,0
BRDA:1094,163,0,0
BRDA:1094,163,1,0
BRDA:1101,164,0,0
BRDA:1101,164,1,0
BRDA:1115,165,0,0
BRDA:1115,165,1,0
BRDA:1116,166,0,0
BRDA:1116,166,1,0
BRDA:1116,167,0,0
BRDA:1116,167,1,0
BRDA:1120,168,0,0
BRDA:1120,168,1,0
BRDA:1124,169,0,0
BRDA:1124,169,1,0
BRDA:1125,170,0,0
BRDA:1125,170,1,0
BRDA:1130,171,0,0
BRDA:1130,171,1,0
BRDA:1131,172,0,0
BRDA:1131,172,1,0
BRDA:1132,173,0,0
BRDA:1132,173,1,0
BRDA:1134,174,0,0
BRDA:1134,174,1,0
BRDA:1139,175,0,0
BRDA:1139,175,1,0
BRDA:1139,176,0,0
BRDA:1139,176,1,0
BRDA:1143,177,0,0
BRDA:1143,177,1,0
BRDA:1144,178,0,0
BRDA:1144,178,1,0
BRDA:1146,179,0,0
BRDA:1146,179,1,0
BRDA:1161,180,0,0
BRDA:1161,180,1,0
BRDA:1176,181,0,0
BRDA:1176,181,1,1
BRDA:1179,182,0,1
BRDA:1179,182,1,0
BRDA:1182,183,0,0
BRDA:1182,183,1,0
BRDA:1182,184,0,1
BRDA:1182,184,1,0
BRDA:1182,184,2,0
BRF:378
BRH:121
end_of_record
